<?xml version="1.0" encoding="UTF-8"?>
<testsuite xmlns:xsi="http://www.w3.org/2001/XMLSchema-instance" xsi:noNamespaceSchemaLocation="https://maven.apache.org/surefire/maven-surefire-plugin/xsd/surefire-test-report.xsd" name="oose.cuneytozturk.AppTest" time="0.037" tests="1" errors="0" skipped="0" failures="0">
  <properties>
    <property name="sun.desktop" value="windows"/>
    <property name="awt.toolkit" value="sun.awt.windows.WToolkit"/>
    <property name="java.specification.version" value="12"/>
    <property name="sun.cpu.isalist" value="amd64"/>
    <property name="sun.jnu.encoding" value="Cp1252"/>
    <property name="java.class.path" value="C:\Users\june8\OneDrive-HAN\Documents\school\Spotitube\spotitube\target\test-classes;C:\Users\june8\OneDrive-HAN\Documents\school\Spotitube\spotitube\target\classes;C:\Users\june8\.m2\repository\junit\junit\4.11\junit-4.11.jar;C:\Users\june8\.m2\repository\org\hamcrest\hamcrest-core\1.3\hamcrest-core-1.3.jar;C:\Users\june8\.m2\repository\javax\javaee-api\8.0\javaee-api-8.0.jar;C:\Users\june8\.m2\repository\com\sun\mail\javax.mail\1.6.0\javax.mail-1.6.0.jar;C:\Users\june8\.m2\repository\javax\activation\activation\1.1\activation-1.1.jar;"/>
    <property name="java.vm.vendor" value="Oracle Corporation"/>
    <property name="sun.arch.data.model" value="64"/>
    <property name="user.variant" value=""/>
    <property name="java.vendor.url" value="https://java.oracle.com/"/>
    <property name="user.timezone" value="Europe/Berlin"/>
    <property name="user.country.format" value="NL"/>
    <property name="os.name" value="Windows 10"/>
    <property name="java.vm.specification.version" value="12"/>
    <property name="sun.java.launcher" value="SUN_STANDARD"/>
    <property name="user.country" value="GB"/>
    <property name="sun.boot.library.path" value="C:\Users\june8\OneDrive-HAN\Documents\school\OOSE-DEA\jdk-12\bin"/>
    <property name="sun.java.command" value="C:\Users\june8\AppData\Local\Temp\surefire7191349563480020434\surefirebooter8674461490453797988.jar C:\Users\june8\AppData\Local\Temp\surefire7191349563480020434 2022-03-17T13-22-13_850-jvmRun1 surefire16920915533227052922tmp surefire_02879904978372099663tmp"/>
    <property name="jdk.debug" value="release"/>
    <property name="surefire.test.class.path" value="C:\Users\june8\OneDrive-HAN\Documents\school\Spotitube\spotitube\target\test-classes;C:\Users\june8\OneDrive-HAN\Documents\school\Spotitube\spotitube\target\classes;C:\Users\june8\.m2\repository\junit\junit\4.11\junit-4.11.jar;C:\Users\june8\.m2\repository\org\hamcrest\hamcrest-core\1.3\hamcrest-core-1.3.jar;C:\Users\june8\.m2\repository\javax\javaee-api\8.0\javaee-api-8.0.jar;C:\Users\june8\.m2\repository\com\sun\mail\javax.mail\1.6.0\javax.mail-1.6.0.jar;C:\Users\june8\.m2\repository\javax\activation\activation\1.1\activation-1.1.jar;"/>
    <property name="sun.cpu.endian" value="little"/>
    <property name="user.home" value="C:\Users\june8"/>
    <property name="user.language" value="en"/>
    <property name="java.specification.vendor" value="Oracle Corporation"/>
    <property name="java.version.date" value="2019-03-19"/>
    <property name="java.home" value="C:\Users\june8\OneDrive-HAN\Documents\school\OOSE-DEA\jdk-12"/>
    <property name="file.separator" value="\"/>
    <property name="basedir" value="C:\Users\june8\OneDrive-HAN\Documents\school\Spotitube\spotitube"/>
    <property name="java.vm.compressedOopsMode" value="Zero based"/>
    <property name="line.separator" value="&#10;"/>
    <property name="java.vm.specification.vendor" value="Oracle Corporation"/>
    <property name="java.specification.name" value="Java Platform API Specification"/>
    <property name="java.awt.graphicsenv" value="sun.awt.Win32GraphicsEnvironment"/>
    <property name="surefire.real.class.path" value="C:\Users\june8\AppData\Local\Temp\surefire7191349563480020434\surefirebooter8674461490453797988.jar"/>
    <property name="user.script" value=""/>
    <property name="sun.management.compiler" value="HotSpot 64-Bit Tiered Compilers"/>
    <property name="java.runtime.version" value="12+33"/>
    <property name="user.name" value="june8"/>
    <property name="path.separator" value=";"/>
    <property name="os.version" value="10.0"/>
    <property name="java.runtime.name" value="OpenJDK Runtime Environment"/>
    <property name="file.encoding" value="UTF-8"/>
    <property name="java.vm.name" value="OpenJDK 64-Bit Server VM"/>
    <property name="localRepository" value="C:\Users\june8\.m2\repository"/>
    <property name="java.vendor.url.bug" value="https://bugreport.java.com/bugreport/"/>
    <property name="java.io.tmpdir" value="C:\Users\june8\AppData\Local\Temp\"/>
    <property name="java.version" value="12"/>
    <property name="user.dir" value="C:\Users\june8\OneDrive-HAN\Documents\school\Spotitube\spotitube"/>
    <property name="os.arch" value="amd64"/>
    <property name="java.vm.specification.name" value="Java Virtual Machine Specification"/>
    <property name="sun.os.patch.level" value=""/>
    <property name="java.library.path" value="C:\Users\june8\OneDrive-HAN\Documents\school\OOSE-DEA\jdk-12\bin;C:\Windows\Sun\Java\bin;C:\Windows\system32;C:\Windows;C:\Program Files (x86)\Common Files\Oracle\Java\javapath;C:\Users\june8\OneDrive - HAN\Documents\school\OOSE DEA\jdk-12\apache-maven-3.8.4\bin;C:\Program Files\Git\cmd;C:\Users\june8\AppData\Local\Microsoft\WindowsApps;C:\Program Files\Azure Data Studio\bin;C:\Users\june8\AppData\Local\Programs\Microsoft VS Code\bin;C:\Users\june8\AppData\Local\GitHubDesktop\bin;C:\Users\june8\AppData\Roaming\npm;C:\Users\june8\OneDrive-HAN\Documents\school\OOSE-DEA\jdk-12\apache-maven-3.8.4\bin;;C:\Program Files\JetBrains\IntelliJ IDEA 2021.3.2\bin;;."/>
    <property name="java.vm.info" value="mixed mode, sharing"/>
    <property name="java.vendor" value="Oracle Corporation"/>
    <property name="java.vm.version" value="12+33"/>
    <property name="sun.io.unicode.encoding" value="UnicodeLittle"/>
    <property name="java.class.version" value="56.0"/>
  </properties>
  <testcase name="shouldAnswerWithTrue" classname="oose.cuneytozturk.AppTest" time="0"/>
</testsuite>